<?xml version="1.0" encoding="UTF-8"?>
<!-- Generated by org.testng.reporters.JUnitReportReporter -->
<testsuite hostname="LAPTOP-4CJHACFT" failures="0" tests="1" name="Academy.ShopProcess" time="39.916" errors="0" timestamp="2021-08-09T14:26:01 CDT" skipped="0">
  <testcase classname="Academy.ShopProcess" name="shopProcessTest" time="39.916"/>
  <system-out/>
</testsuite> <!-- Academy.ShopProcess -->
