<?xml version="1.0" encoding="UTF-8"?>
<!-- Generated by org.testng.reporters.JUnitReportReporter -->
<testsuite hostname="LAPTOP-4CJHACFT" failures="0" tests="1" name="Academy.AppTest" time="0.141" errors="0" timestamp="2021-08-09T14:26:01 CDT" skipped="0">
  <testcase classname="Academy.AppTest" name="shouldAnswerWithTrue" time="0.141"/>
  <system-out/>
</testsuite> <!-- Academy.AppTest -->
