<?xml version="1.0" encoding="UTF-8"?>
<!-- Generated by org.testng.reporters.JUnitReportReporter -->
<testsuite hostname="LAPTOP-4CJHACFT" failures="0" tests="1" name="Academy.ShopProcess" time="37.519" errors="0" timestamp="2021-08-02T15:06:19 CDT" skipped="0">
  <testcase classname="Academy.ShopProcess" name="shopProcessTest" time="37.519"/>
  <system-out/>
</testsuite> <!-- Academy.ShopProcess -->
