<?xml version="1.0" encoding="UTF-8"?>
<!-- Generated by org.testng.reporters.JUnitReportReporter -->
<testsuite hostname="LAPTOP-4CJHACFT" failures="0" tests="1" name="Academy.HomePage" time="6.983" errors="0" timestamp="2021-07-28T11:55:49 CDT" skipped="0">
  <testcase classname="Academy.HomePage" name="basePageNavigation" time="6.983"/>
  <system-out/>
</testsuite> <!-- Academy.HomePage -->
